Flow report for PE2_gtbuckner42
Tue Apr 16 23:48:50 2024
Quartus Prime Version 21.1.1 Build 850 06/23/2022 SJ Lite Edition


---------------------
; Table of Contents ;
---------------------
  1. Legal Notice
  2. Flow Summary
  3. Flow Settings
  4. Flow Non-Default Global Settings
  5. Flow Elapsed Time
  6. Flow OS Summary
  7. Flow Log
  8. Flow Messages
  9. Flow Suppressed Messages



----------------
; Legal Notice ;
----------------
Copyright (C) 2022  Intel Corporation. All rights reserved.
Your use of Intel Corporation's design tools, logic functions 
and other software and tools, and any partner logic 
functions, and any output files from any of the foregoing 
(including device programming or simulation files), and any 
associated documentation or information are expressly subject 
to the terms and conditions of the Intel Program License 
Subscription Agreement, the Intel Quartus Prime License Agreement,
the Intel FPGA IP License Agreement, or other applicable license
agreement, including, without limitation, that your use is for
the sole purpose of programming logic devices manufactured by
Intel and sold by Intel or its authorized distributors.  Please
refer to the applicable agreement for further details, at
https://fpgasoftware.intel.com/eula.



+----------------------------------------------------------------------------------+
; Flow Summary                                                                     ;
+------------------------------------+---------------------------------------------+
; Flow Status                        ; Successful - Tue Apr 16 23:48:45 2024       ;
; Quartus Prime Version              ; 21.1.1 Build 850 06/23/2022 SJ Lite Edition ;
; Revision Name                      ; PE2_gtbuckner42                             ;
; Top-level Entity Name              ; PE2_gtbuckner42                             ;
; Family                             ; MAX 10                                      ;
; Device                             ; 10M50DAF484C7G                              ;
; Timing Models                      ; Final                                       ;
; Total logic elements               ; 11,975 / 49,760 ( 24 % )                    ;
;     Total combinational functions  ; 11,845 / 49,760 ( 24 % )                    ;
;     Dedicated logic registers      ; 754 / 49,760 ( 2 % )                        ;
; Total registers                    ; 754                                         ;
; Total pins                         ; 143 / 360 ( 40 % )                          ;
; Total virtual pins                 ; 0                                           ;
; Total memory bits                  ; 0 / 1,677,312 ( 0 % )                       ;
; Embedded Multiplier 9-bit elements ; 0 / 288 ( 0 % )                             ;
; Total PLLs                         ; 1 / 4 ( 25 % )                              ;
; UFM blocks                         ; 0 / 1 ( 0 % )                               ;
; ADC blocks                         ; 0 / 2 ( 0 % )                               ;
+------------------------------------+---------------------------------------------+


+-----------------------------------------+
; Flow Settings                           ;
+-------------------+---------------------+
; Option            ; Setting             ;
+-------------------+---------------------+
; Start date & time ; 04/16/2024 23:47:35 ;
; Main task         ; Compilation         ;
; Revision Name     ; PE2_gtbuckner42     ;
+-------------------+---------------------+


+----------------------------------------------------------------------------------------------------------------------------------------------+
; Flow Non-Default Global Settings                                                                                                             ;
+-------------------------------------+-------------------------------------------------------------+---------------+-------------+------------+
; Assignment Name                     ; Value                                                       ; Default Value ; Entity Name ; Section Id ;
+-------------------------------------+-------------------------------------------------------------+---------------+-------------+------------+
; COMPILER_SIGNATURE_ID               ; 233730242736449.171332925527188                             ; --            ; --          ; --         ;
; MAX_CORE_JUNCTION_TEMP              ; 85                                                          ; --            ; --          ; --         ;
; MIN_CORE_JUNCTION_TEMP              ; 0                                                           ; --            ; --          ; --         ;
; MISC_FILE                           ; dual_boot/synthesis/../dual_boot.cmp                        ; --            ; --          ; --         ;
; MISC_FILE                           ; dual_boot/synthesis/../../dual_boot.qsys                    ; --            ; --          ; --         ;
; MISC_FILE                           ; pll_inst.v                                                  ; --            ; --          ; --         ;
; MISC_FILE                           ; pll.cmp                                                     ; --            ; --          ; --         ;
; MISC_FILE                           ; pll.ppf                                                     ; --            ; --          ; --         ;
; OUTPUT_IO_TIMING_FAR_END_VMEAS      ; Half Signal Swing                                           ; --            ; --          ; --         ;
; OUTPUT_IO_TIMING_FAR_END_VMEAS      ; Half Signal Swing                                           ; --            ; --          ; --         ;
; OUTPUT_IO_TIMING_NEAR_END_VMEAS     ; Half Vccio                                                  ; --            ; --          ; --         ;
; OUTPUT_IO_TIMING_NEAR_END_VMEAS     ; Half Vccio                                                  ; --            ; --          ; --         ;
; PARTITION_COLOR                     ; -- (Not supported for targeted family)                      ; --            ; --          ; Top        ;
; PARTITION_FITTER_PRESERVATION_LEVEL ; -- (Not supported for targeted family)                      ; --            ; --          ; Top        ;
; PARTITION_NETLIST_TYPE              ; -- (Not supported for targeted family)                      ; --            ; --          ; Top        ;
; POWER_BOARD_THERMAL_MODEL           ; None (CONSERVATIVE)                                         ; --            ; --          ; --         ;
; POWER_PRESET_COOLING_SOLUTION       ; 23 MM HEAT SINK WITH 200 LFPM AIRFLOW                       ; --            ; --          ; --         ;
; PROJECT_OUTPUT_DIRECTORY            ; output_files                                                ; --            ; --          ; --         ;
; SLD_FILE                            ; dual_boot/synthesis/dual_boot.debuginfo                     ; --            ; --          ; --         ;
; SLD_INFO                            ; QSYS_NAME dual_boot HAS_SOPCINFO 1 GENERATION_ID 1712338170 ; --            ; dual_boot   ; --         ;
; SOPCINFO_FILE                       ; dual_boot/synthesis/../../dual_boot.sopcinfo                ; --            ; --          ; --         ;
; SYNTHESIS_ONLY_QIP                  ; On                                                          ; --            ; --          ; --         ;
+-------------------------------------+-------------------------------------------------------------+---------------+-------------+------------+


+--------------------------------------------------------------------------------------------------------------------------+
; Flow Elapsed Time                                                                                                        ;
+----------------------+--------------+-------------------------+---------------------+------------------------------------+
; Module Name          ; Elapsed Time ; Average Processors Used ; Peak Virtual Memory ; Total CPU Time (on all processors) ;
+----------------------+--------------+-------------------------+---------------------+------------------------------------+
; Analysis & Synthesis ; 00:00:20     ; 1.0                     ; 4990 MB             ; 00:00:09                           ;
; Fitter               ; 00:00:45     ; 1.7                     ; 6405 MB             ; 00:00:35                           ;
; Assembler            ; 00:00:02     ; 1.0                     ; 4777 MB             ; 00:00:00                           ;
; Timing Analyzer      ; 00:00:05     ; 3.8                     ; 5011 MB             ; 00:00:09                           ;
; Total                ; 00:01:12     ; --                      ; --                  ; 00:00:53                           ;
+----------------------+--------------+-------------------------+---------------------+------------------------------------+


+------------------------------------------------------------------------------------+
; Flow OS Summary                                                                    ;
+----------------------+------------------+------------+------------+----------------+
; Module Name          ; Machine Hostname ; OS Name    ; OS Version ; Processor type ;
+----------------------+------------------+------------+------------+----------------+
; Analysis & Synthesis ; GabeMachine      ; Windows 10 ; 10.0       ; x86_64         ;
; Fitter               ; GabeMachine      ; Windows 10 ; 10.0       ; x86_64         ;
; Assembler            ; GabeMachine      ; Windows 10 ; 10.0       ; x86_64         ;
; Timing Analyzer      ; GabeMachine      ; Windows 10 ; 10.0       ; x86_64         ;
+----------------------+------------------+------------+------------+----------------+


------------
; Flow Log ;
------------
quartus_map --read_settings_files=on --write_settings_files=off pong2 -c PE2_gtbuckner42
quartus_fit --read_settings_files=off --write_settings_files=off pong2 -c PE2_gtbuckner42
quartus_asm --read_settings_files=off --write_settings_files=off pong2 -c PE2_gtbuckner42
quartus_sta pong2 -c PE2_gtbuckner42



